<?xml version="1.0" encoding="UTF-8"?>
<!-- Generated by org.testng.reporters.JUnitReportReporter -->
<testsuite hostname="NDTSB06" name="testCases.TestGroupsClass1" tests="3" failures="0" timestamp="28 Dec 2017 12:26:15 GMT" time="0.015" errors="0">
  <testcase name="method2" time="0.001" classname="testCases.TestGroupsClass1"/>
  <testcase name="method3" time="0.013" classname="testCases.TestGroupsClass1"/>
  <testcase name="method1" time="0.001" classname="testCases.TestGroupsClass1"/>
</testsuite> <!-- testCases.TestGroupsClass1 -->
