<?xml version="1.0" encoding="UTF-8"?>
<!-- Generated by org.testng.reporters.JUnitReportReporter -->
<testsuite hostname="NDTSB06" name="testCases.practise" tests="2" failures="0" timestamp="28 Dec 2017 11:54:00 GMT" time="63.706" errors="0">
  <testcase name="testcase2" time="31.953" classname="testCases.practise"/>
  <testcase name="testcase1" time="31.753" classname="testCases.practise"/>
</testsuite> <!-- testCases.practise -->
