<?xml version="1.0" encoding="UTF-8"?>
<!-- Generated by org.testng.reporters.JUnitReportReporter -->
<testsuite hostname="NDTSB06" name="testCases.Exceltask" tests="1" failures="0" timestamp="18 Dec 2017 06:35:53 GMT" time="0.590" errors="0">
  <testcase name="findrowsvalue" time="0.590" classname="testCases.Exceltask"/>
</testsuite> <!-- testCases.Exceltask -->
