<?xml version="1.0" encoding="UTF-8"?>
<!-- Generated by org.testng.reporters.JUnitReportReporter -->
<testsuite hostname="NDTSB06" name="testCases.HowToTakeScreenshot" tests="1" failures="0" timestamp="18 Dec 2017 08:46:36 GMT" time="6.129" errors="0">
  <testcase name="screenshot" time="6.129" classname="testCases.HowToTakeScreenshot"/>
</testsuite> <!-- testCases.HowToTakeScreenshot -->
