<?xml version="1.0" encoding="UTF-8"?>
<!-- Generated by org.testng.reporters.JUnitReportReporter -->
<testsuite hostname="NDTSB06" name="testCases.TestGroupsClass1" tests="3" failures="0" timestamp="29 Dec 2017 06:04:43 GMT" time="0.017" errors="0">
  <testcase name="method2" time="0.001" classname="testCases.TestGroupsClass1"/>
  <testcase name="method3" time="0.015" classname="testCases.TestGroupsClass1"/>
  <testcase name="method1" time="0.001" classname="testCases.TestGroupsClass1"/>
</testsuite> <!-- testCases.TestGroupsClass1 -->
