<?xml version="1.0" encoding="UTF-8"?>
<!-- Generated by org.testng.reporters.JUnitReportReporter -->
<testsuite hostname="NDTSB06" name="loginpage.TestDemo1" tests="2" failures="0" timestamp="13 Dec 2017 12:35:39 GMT" time="0.008" errors="0">
  <testcase name="test1" time="0.006" classname="loginpage.TestDemo1"/>
  <testcase name="test3" time="0.002" classname="loginpage.TestDemo1"/>
</testsuite> <!-- loginpage.TestDemo1 -->
