<?xml version="1.0" encoding="UTF-8"?>
<!-- Generated by org.testng.reporters.JUnitReportReporter -->
<testsuite hostname="NDTSB06" name="loginpage.NewTest" tests="1" failures="0" timestamp="15 Dec 2017 12:35:32 GMT" time="0.015" errors="0">
  <testcase name="arraylist" time="0.015" classname="loginpage.NewTest"/>
</testsuite> <!-- loginpage.NewTest -->
