<?xml version="1.0" encoding="UTF-8"?>
<!-- Generated by org.testng.reporters.JUnitReportReporter -->
<testsuite hostname="NDTSB06" name="testCases.TakingScreenShotcode" tests="2" failures="0" timestamp="28 Dec 2017 12:06:11 GMT" time="69.707" errors="0">
  <testcase name="testcase_2" time="39.197" classname="testCases.TakingScreenShotcode"/>
  <testcase name="testcase_1" time="30.510" classname="testCases.TakingScreenShotcode"/>
</testsuite> <!-- testCases.TakingScreenShotcode -->
