<?xml version="1.0" encoding="UTF-8"?>
<!-- Generated by org.testng.reporters.JUnitReportReporter -->
<testsuite hostname="NDTSB06" name="testCases.demo1" tests="1" failures="0" timestamp="28 Dec 2017 11:54:00 GMT" time="32.476" errors="0">
  <testcase name="test1" time="32.476" classname="testCases.demo1"/>
</testsuite> <!-- testCases.demo1 -->
