<?xml version="1.0" encoding="UTF-8"?>
<!-- Generated by org.testng.reporters.JUnitReportReporter -->
<testsuite hostname="NDTSB06" name="loginpage.Exceltest" tests="1" failures="0" timestamp="15 Dec 2017 10:15:43 GMT" time="32.217" errors="0">
  <testcase name="excellog" time="32.217" classname="loginpage.Exceltest"/>
</testsuite> <!-- loginpage.Exceltest -->
