<?xml version="1.0" encoding="UTF-8"?>
<!-- Generated by org.testng.reporters.JUnitReportReporter -->
<testsuite hostname="NDTSB06" name="loginpage.TestDemo2" tests="1" failures="0" timestamp="13 Dec 2017 12:35:39 GMT" time="0.001" errors="0">
  <testcase name="test2" time="0.001" classname="loginpage.TestDemo2"/>
</testsuite> <!-- loginpage.TestDemo2 -->
