<?xml version="1.0" encoding="UTF-8"?>
<!-- Generated by org.testng.reporters.JUnitReportReporter -->
<testsuite hostname="NDTSB06" name="testCases.WindowHandle" tests="1" failures="0" timestamp="19 Dec 2017 11:11:15 GMT" time="27.445" errors="0">
  <testcase name="verifyChildWindowName" time="27.445" classname="testCases.WindowHandle"/>
</testsuite> <!-- testCases.WindowHandle -->
